<?xml version="1.0" encoding="UTF-8" ?>
<testsuite tests="1" failures="0" name="javeriana.ms.rest.MyResourceTest" time="2.313" errors="0" skipped="0">
  <properties>
    <property name="java.runtime.name" value="OpenJDK Runtime Environment"/>
    <property name="java.vm.version" value="17.0.1+12-39"/>
    <property name="sun.boot.library.path" value="C:\Development\OpenJDK\jdk-17.0.1\bin"/>
    <property name="user.country.format" value="CO"/>
    <property name="maven.multiModuleProjectDirectory" value="C:\Users\davis\OneDrive\Escritorio\Documents\universidad\semestres\11o\microservicios\rest\jax-rs\server"/>
    <property name="java.vm.vendor" value="Oracle Corporation"/>
    <property name="java.vendor.url" value="https://java.oracle.com/"/>
    <property name="guice.disable.misplaced.annotation.check" value="true"/>
    <property name="path.separator" value=";"/>
    <property name="java.vm.name" value="OpenJDK 64-Bit Server VM"/>
    <property name="sun.os.patch.level" value=""/>
    <property name="user.script" value=""/>
    <property name="user.country" value="US"/>
    <property name="sun.java.launcher" value="SUN_STANDARD"/>
    <property name="java.vm.specification.name" value="Java Virtual Machine Specification"/>
    <property name="user.dir" value="C:\Users\davis\OneDrive\Escritorio\Documents\universidad\semestres\11o\microservicios\rest\jax-rs\server"/>
    <property name="java.vm.compressedOopsMode" value="32-bit"/>
    <property name="java.runtime.version" value="17.0.1+12-39"/>
    <property name="os.arch" value="amd64"/>
    <property name="java.io.tmpdir" value="C:\Users\davis\AppData\Local\Temp\"/>
    <property name="line.separator" value="
"/>
    <property name="java.vm.specification.vendor" value="Oracle Corporation"/>
    <property name="user.variant" value=""/>
    <property name="os.name" value="Windows 10"/>
    <property name="classworlds.conf" value="C:\Program Files\Maven\bin\m2.conf"/>
    <property name="sun.jnu.encoding" value="Cp1252"/>
    <property name="java.library.path" value="C:\Development\OpenJDK\jdk-17.0.1\bin;C:\WINDOWS\Sun\Java\bin;C:\WINDOWS\system32;C:\WINDOWS;C:\Users\davis\scoop\apps\miniconda3\current;C:\Users\davis\scoop\apps\miniconda3\current\Library\mingw-w64\bin;C:\Users\davis\scoop\apps\miniconda3\current\Library\usr\bin;C:\Users\davis\scoop\apps\miniconda3\current\Library\bin;C:\Users\davis\scoop\apps\miniconda3\current\Scripts;C:\Users\davis\scoop\apps\miniconda3\current\bin;C:\Users\davis\scoop\apps\miniconda3\current\condabin;C:\Program Files\WindowsApps\Microsoft.PowerShell_7.3.2.0_x64__8wekyb3d8bbwe;C:\Program Files (x86)\Common Files\Intel\Shared Libraries\redist\intel64\compiler;C:\WINDOWS\system32;C:\WINDOWS;C:\WINDOWS\System32\Wbem;C:\WINDOWS\System32\WindowsPowerShell\v1.0;C:\WINDOWS\System32\OpenSSH;C:\Users\davis\AppData\Roaming\npm;C:\Program Files\Maven\bin;C:\Program Files\Git\cmd;C:\ProgramData\ComposerSetup\bin;C:\Program Files\dotnet;C:\Development\OpenJDK\jdk-17.0.1\bin;C:\WINDOWS\system32;C:\WINDOWS;C:\WINDOWS\System32\Wbem;C:\WINDOWS\System32\WindowsPowerShell\v1.0;C:\WINDOWS\System32\OpenSSH;C:\Users\davis\AppData\Local\Microsoft\WindowsApps;C:\Program Files\Docker\Docker\resources\bin;C:\Development\Go\bin;C:\Users\davis\.cargo\bin;C:\Users\davis\scoop\apps\nodejs-lts\current\bin;C:\Users\davis\scoop\apps\nodejs-lts\current;C:\Users\davis\scoop\apps\miniconda3\current\scripts;C:\Users\davis\scoop\apps\miniconda3\current\Library\bin;C:\Users\davis\scoop\apps\oh-my-posh\current\bin;C:\Users\davis\scoop\apps\gcc\current\bin;C:\Users\davis\scoop\shims;C:\Users\davis\AppData\Local\Programs\Python\Python310\Scripts;C:\Users\davis\AppData\Local\Programs\Python\Python310;C:\Program Files\WindowsApps\Microsoft.PowerShell_7.2.4.0_x64__8wekyb3d8bbwe;C:\Program Files\Java\OpenJDK\jdk-16\bin;C:\Development\nodejs;C:\Users\davis\AppData\Local\Programs\Python\Python39\Scripts;C:\Users\davis\AppData\Local\Programs\Python\Python39;C:\Python33\Scripts;C:\Users\davis\AppData\Local\Programs\Microsoft VS Code\bin;C:\Users\davis\AppData\Local\Programs\oh-my-posh\bin;C:\Development\flutter\bin;C:\Program Files\JetBrains\IntelliJ IDEA 2022.3.2\bin;C:\Users\davis\go\bin;C:\Users\davis\AppData\Local\Google\Cloud SDK\google-cloud-sdk\bin;."/>
    <property name="maven.conf" value="C:\Program Files\Maven/conf"/>
    <property name="jdk.debug" value="release"/>
    <property name="java.class.version" value="61.0"/>
    <property name="java.specification.name" value="Java Platform API Specification"/>
    <property name="sun.management.compiler" value="HotSpot 64-Bit Tiered Compilers"/>
    <property name="os.version" value="10.0"/>
    <property name="library.jansi.path" value="C:\Program Files\Maven\lib\jansi-native"/>
    <property name="user.home" value="C:\Users\davis"/>
    <property name="user.timezone" value="America/Bogota"/>
    <property name="file.encoding" value="Cp1252"/>
    <property name="java.specification.version" value="17"/>
    <property name="user.name" value="davis"/>
    <property name="java.class.path" value="C:\Program Files\Maven\boot\plexus-classworlds-2.6.0.jar"/>
    <property name="java.vm.specification.version" value="17"/>
    <property name="sun.arch.data.model" value="64"/>
    <property name="sun.java.command" value="org.codehaus.plexus.classworlds.launcher.Launcher clean install"/>
    <property name="java.home" value="C:\Development\OpenJDK\jdk-17.0.1"/>
    <property name="user.language" value="en"/>
    <property name="java.specification.vendor" value="Oracle Corporation"/>
    <property name="user.language.format" value="es"/>
    <property name="java.vm.info" value="mixed mode, sharing"/>
    <property name="java.version" value="17.0.1"/>
    <property name="native.encoding" value="Cp1252"/>
    <property name="java.vendor" value="Oracle Corporation"/>
    <property name="sun.stderr.encoding" value="cp850"/>
    <property name="maven.home" value="C:\Program Files\Maven"/>
    <property name="file.separator" value="\"/>
    <property name="java.version.date" value="2021-10-19"/>
    <property name="java.vendor.url.bug" value="https://bugreport.java.com/bugreport/"/>
    <property name="sun.io.unicode.encoding" value="UnicodeLittle"/>
    <property name="sun.cpu.endian" value="little"/>
    <property name="sun.stdout.encoding" value="cp850"/>
    <property name="sun.cpu.isalist" value="amd64"/>
  </properties>
  <testcase classname="javeriana.ms.rest.MyResourceTest" name="testGetIt" time="2.313"/>
</testsuite>